<?xml version="1.0" encoding="UTF-8"?>
<!-- Generated by org.testng.reporters.JUnitReportReporter -->
<testsuite hostname="Jobinz" name="com.utilities.BrowserFactory"
	tests="3" failures="0" timestamp="19 Jun 2016 18:51:28 GMT" time="41.774"
	errors="0">
	<testcase name="login" time="14.428" classname="com.utilities.BrowserFactory" />
	<testcase name="login" time="13.242" classname="com.utilities.BrowserFactory" />
	<testcase name="login" time="14.104" classname="com.utilities.BrowserFactory" />
</testsuite> <!-- com.utilities.BrowserFactory -->
